0	2	5	0.000	0.202614	0.264706	0.764706	0.921569	train/09f9fb6ef25b1eda.jpg
1	2	5	0.000	0.52	0.144	0.954	0.999	0.000	0.36	0.3919999999999999	0.658667	0.999	train/00f4db8fcca9763c.jpg
2	2	5	0.000	0.108125	0.035647	0.883125	0.999062	train/059da2366c3be42c.jpg
3	2	5	0.000	0.306836	0.1525	0.99841	0.99875	train/011c2e4461eb1fdc.jpg
4	2	5	0.000	0.370625	0.644167	0.43375	0.678333	0.000	0.6625	0.4025	0.70125	0.4391669999999999	train/017f439639163703.jpg
5	2	5	0.000	0.384375	0.45625	0.46875	0.704167	0.000	0.614062	0.685417	0.704687	0.810417	0.000	0.590625	0.702083	0.667188	0.983333	0.000	0.470313	0.666667	0.65625	0.9625	train/073dd5489a8faed7.jpg
6	2	5	0.000	0.499375	0.1275	0.999375	0.904167	train/010e5642fc0b392f.jpg
7	2	5	0.000	0.168125	0.225141	0.999375	0.999062	train/02362e80f8bf6a64.jpg
8	2	5	0.000	0.225	0.195833	0.999219	0.9718750000000002	0.000	0.222656	0.203125	0.994531	0.970833	0.000	0.639844	0.319792	0.846875	0.90625	train/05642dbfac7ae5b0.jpg
9	2	5	0.000	0.232797	0.118611	0.661093	0.7357759999999999	train/004bd64410736c69.jpg
10	2	5	0.000	0.655	0.718333	0.72875	0.926667	0.000	0.51875	0.746667	0.6475	0.981667	train/015f845e4e01b04c.jpg
11	2	5	0.000	0.743464	0.052288	0.964052	0.94281	train/007653c739edf912.jpg
12	2	5	0.000	0.390625	0.202817	0.443125	0.268545	0.000	0.7825	0.212207	0.850625	0.296714	0.000	0.065	0.283568	0.086875	0.303286	train/0603f22006991971.jpg
13	2	5	0.000	0.26125	0.131653	0.999375	0.999066	train/05307e6f3f7d7daf.jpg
14	2	5	0.000	0.0	0.0	0.999023	0.998698	train/008e55e8866c3a92.jpg
15	2	5	0.000	0.225714	0.036559	0.844286	0.993548	train/0889eb8501b7adce.jpg
16	2	5	0.000	0.26	0.2644	0.48	0.625118	train/00d67ab9e6db2059.jpg
17	2	5	0.000	0.061875	0.116667	0.893125	0.971667	train/084a2d27ffddd858.jpg
18	2	5	0.000	0.0	0.1	0.996667	0.73375	train/029cf7b6d1a98a8c.jpg
19	2	5	0.000	0.085607	0.0925	0.702728	0.840625	train/04517668a869f2d8.jpg
20	2	5	0.000	0.0	0.0	0.85	0.997988	train/010de5bc26bb2f1e.jpg
21	2	5	0.000	0.461875	0.009346	0.65625	0.472897	train/08c7e8816f9c9ed9.jpg
